example/build/app/outputs/mapping/release/seeds.txt
com.google.android.exoplayer2.video.spherical.SphericalGLSurfaceView: android.view.Surface getVideoSurface()
io.flutter.embedding.engine.FlutterJNI: void nativeSetSemanticsEnabled(long,boolean)
io.flutter.embedding.android.FlutterTextureView: io.flutter.embedding.engine.renderer.FlutterRenderer getAttachedRenderer()
io.flutter.embedding.engine.FlutterJNI: void setLocalizationPlugin(io.flutter.plugin.localization.LocalizationPlugin)
kotlin.jvm.internal.FunctionReference: java.lang.String toString()
androidx.window.core.Version: boolean equals(java.lang.Object)
kotlin.jvm.internal.CallableReference: java.util.List getParameters()
androidx.window.layout.FoldingFeature: androidx.window.layout.FoldingFeature$Orientation getOrientation()
io.flutter.embedding.android.FlutterSplashView$SavedState: FlutterSplashView$SavedState(android.os.Parcelable)
androidx.window.layout.SidecarCompat$DistinctSidecarElementCallback: void onWindowLayoutChanged(android.os.IBinder,androidx.window.sidecar.SidecarWindowLayoutInfo)
androidx.window.layout.DisplayCompatHelperApi17: void getRealSize(android.view.Display,android.graphics.Point)
kotlin.coroutines.jvm.internal.SuspendLambda: int getArity()
androidx.window.layout.SidecarCompat: SidecarCompat(androidx.window.sidecar.SidecarInterface,androidx.window.layout.SidecarAdapter)
androidx.window.layout.SidecarAdapter: boolean isEqualSidecarDeviceState(androidx.window.sidecar.SidecarDeviceState,androidx.window.sidecar.SidecarDeviceState)
androidx.window.embedding.SplitController: void setStaticSplitRules(java.util.Set)
androidx.window.layout.SidecarWindowBackend: androidx.window.layout.ExtensionInterfaceCompat getWindowExtension()
androidx.window.layout.HardwareFoldingFeature: boolean isSeparating()
androidx.window.layout.WindowMetrics: java.lang.String toString()
io.flutter.embedding.engine.FlutterJNI: void setRefreshRateFPS(float)
org.xmlpull.v1.XmlPullParser: java.lang.String getNamespaceUri(int)
androidx.window.embedding.SplitController$Companion: SplitController$Companion(kotlin.jvm.internal.DefaultConstructorMarker)
org.xmlpull.v1.XmlPullParser: java.lang.String getPrefix()
androidx.window.java.layout.WindowInfoTrackerCallbackAdapter$addListener$1$1: java.lang.Object invoke(java.lang.Object,java.lang.Object)
io.flutter.embedding.engine.FlutterJNI: boolean nativeFlutterTextUtilsIsRegionalIndicator(int)
io.flutter.embedding.engine.FlutterJNI: void nativeRegisterTexture(long,long,java.lang.ref.WeakReference)
androidx.window.embedding.EmbeddingAdapter: java.util.function.Predicate translateActivityPairPredicates(java.util.Set)
kotlin.jvm.internal.CallableReference: java.util.List getTypeParameters()
androidx.window.layout.SidecarCompat$registerConfigurationChangeListener$configChangeObserver$1: void onConfigurationChanged(android.content.res.Configuration)
androidx.window.layout.HardwareFoldingFeature$Type: java.lang.String toString()
androidx.window.layout.SidecarWindowBackend$ExtensionListenerImpl: void onWindowLayoutChanged(android.app.Activity,androidx.window.layout.WindowLayoutInfo)
androidx.window.layout.SidecarAdapter$Companion: void setSidecarDevicePosture(androidx.window.sidecar.SidecarDeviceState,int)
androidx.window.embedding.ExtensionEmbeddingBackend: void registerRule(androidx.window.embedding.EmbeddingRule)
io.flutter.embedding.engine.mutatorsstack.FlutterMutatorView: void setOnDescendantFocusChangeListener(android.view.View$OnFocusChangeListener)
io.flutter.plugins.camera.CameraState: io.flutter.plugins.camera.CameraState[] values()
kotlinx.coroutines.android.AndroidExceptionPreHandler: void handleException(kotlin.coroutines.CoroutineContext,java.lang.Throwable)
androidx.window.layout.SidecarCompat: void setExtensionCallback(androidx.window.layout.ExtensionInterfaceCompat$ExtensionCallbackInterface)
io.flutter.view.AccessibilityViewEmbedder: void addChildrenToFlutterNode(android.view.accessibility.AccessibilityNodeInfo,android.view.View,android.view.accessibility.AccessibilityNodeInfo)