example/build/app/outputs/mapping/release/mapping.txt
# compiler: R8
# compiler_version: 3.0.64
# min_api: 21
# pg_map_id: 5de5f65
# common_typos_disable
...
com.google.android.exoplayer2.source.hls.playlist.HlsMediaPlaylist$ServerControl -> t0.g$f:
    boolean canBlockReload -> e
    long skipUntilUs -> a
    long partHoldBackUs -> d
    long holdBackUs -> c
    boolean canSkipDateRanges -> b
com.google.android.exoplayer2.source.hls.playlist.HlsMultivariantPlaylist -> t0.h:
    java.util.List videos -> f
    java.util.List variants -> e
    java.util.List mediaPlaylistUrls -> d
    com.google.android.exoplayer2.Format muxedAudioFormat -> j
    com.google.android.exoplayer2.source.hls.playlist.HlsMultivariantPlaylist EMPTY -> n
    java.util.List closedCaptions -> i
    java.util.List subtitles -> h
    java.util.List audios -> g
    java.util.Map variableDefinitions -> l
    java.util.List sessionKeyDrmInitData -> m
    java.util.List muxedCaptionFormats -> k
    java.lang.Object copy(java.util.List) -> a
    void addMediaPlaylistUrls(java.util.List,java.util.List) -> b
    com.google.android.exoplayer2.source.hls.playlist.HlsMultivariantPlaylist copy(java.util.List) -> c
    java.util.List copyStreams(java.util.List,int,java.util.List) -> d
    com.google.android.exoplayer2.source.hls.playlist.HlsMultivariantPlaylist createSingleVariantMultivariantPlaylist(java.lang.String) -> e
    java.util.List getMediaPlaylistUrls(java.util.List,java.util.List,java.util.List,java.util.List,java.util.List) -> f
com.google.android.exoplayer2.source.hls.playlist.HlsMultivariantPlaylist$Rendition -> t0.h$a:
    java.lang.String name -> c
    com.google.android.exoplayer2.Format format -> b
    android.net.Uri url -> a
com.google.android.exoplayer2.source.hls.playlist.HlsMultivariantPlaylist$Variant -> t0.h$b:
    java.lang.String captionGroupId -> f
    java.lang.String videoGroupId -> c
    com.google.android.exoplayer2.Format format -> b
    java.lang.String subtitleGroupId -> e
    android.net.Uri url -> a
    java.lang.String audioGroupId -> d
    com.google.android.exoplayer2.source.hls.playlist.HlsMultivariantPlaylist$Variant copyWithFormat(com.google.android.exoplayer2.Format) -> a
    com.google.android.exoplayer2.source.hls.playlist.HlsMultivariantPlaylist$Variant createMediaPlaylistVariantUrl(android.net.Uri) -> b
com.google.android.exoplayer2.source.hls.playlist.HlsPlaylist -> t0.i:
    java.util.List tags -> b
    java.lang.String baseUri -> a
    boolean hasIndependentSegments -> c
com.google.android.exoplayer2.source.hls.playlist.HlsPlaylistParser -> t0.j:
    java.util.regex.Pattern REGEX_CAN_BLOCK_RELOAD -> w
    java.util.regex.Pattern REGEX_FORCED -> V
    java.util.regex.Pattern REGEX_CAN_SKIP_DATE_RANGES -> s
    java.util.regex.Pattern REGEX_CHARACTERISTICS -> R
    java.util.regex.Pattern REGEX_PART_TARGET_DURATION -> o
    java.util.regex.Pattern REGEX_PRELOAD_HINT_TYPE -> N
    java.util.regex.Pattern REGEX_IMPORT -> a0
    java.util.regex.Pattern REGEX_RESOLUTION -> k
    java.util.regex.Pattern REGEX_KEYFORMATVERSIONS -> J
    java.util.regex.Pattern REGEX_SUBTITLES -> f
    java.util.regex.Pattern REGEX_KEYFORMAT -> I
    com.google.android.exoplayer2.source.hls.playlist.HlsMediaPlaylist previousMediaPlaylist -> b
    java.util.regex.Pattern REGEX_ATTR_BYTERANGE -> E
    java.util.regex.Pattern REGEX_LAST_MSN -> A
    java.util.regex.Pattern REGEX_VALUE -> Z
    java.util.regex.Pattern REGEX_INDEPENDENT -> W
    java.util.regex.Pattern REGEX_MEDIA_SEQUENCE -> x
    java.util.regex.Pattern REGEX_INSTREAM_ID -> S
    java.util.regex.Pattern REGEX_SKIPPED_SEGMENTS -> t
    java.util.regex.Pattern REGEX_LANGUAGE -> O
    java.util.regex.Pattern REGEX_VERSION -> p
    java.util.regex.Pattern REGEX_URI -> K
    java.util.regex.Pattern REGEX_FRAME_RATE -> l
    java.util.regex.Pattern REGEX_CLOSED_CAPTIONS -> g
    java.util.regex.Pattern REGEX_BYTERANGE_START -> F
    java.util.regex.Pattern REGEX_AVERAGE_BANDWIDTH -> c
com.google.android.exoplayer2.source.hls.playlist.HlsPlaylistParser$DeltaUpdateException -> t0.j$a: